<?xml version="1.0" encoding="UTF-8"?>
<testng-results skipped="0" failed="0" total="2" passed="2">
  <reporter-output>
  </reporter-output>
  <suite name="My Sample Suite" duration-ms="98" started-at="2016-06-12T00:42:26Z" finished-at="2016-06-12T00:42:27Z">
    <groups>
    </groups>
    <test name="Learning assertions" duration-ms="98" started-at="2016-06-12T00:42:26Z" finished-at="2016-06-12T00:42:27Z">
      <class name="annotationTest">
        <test-method status="PASS" signature="beforeClass()[pri:0, instance:annotationTest@7006c658]" name="beforeClass" is-config="true" duration-ms="44" started-at="2016-06-11T17:42:26Z" finished-at="2016-06-11T17:42:26Z">
          <reporter-output>
          </reporter-output>
        </test-method> <!-- beforeClass -->
        <test-method status="PASS" signature="beforeMethod()[pri:0, instance:annotationTest@7006c658]" name="beforeMethod" is-config="true" duration-ms="1" started-at="2016-06-11T17:42:27Z" finished-at="2016-06-11T17:42:27Z">
          <reporter-output>
          </reporter-output>
        </test-method> <!-- beforeMethod -->
        <test-method status="PASS" signature="myTestMethod1()[pri:0, instance:annotationTest@7006c658]" name="myTestMethod1" duration-ms="1" started-at="2016-06-11T17:42:27Z" finished-at="2016-06-11T17:42:27Z">
          <reporter-output>
          </reporter-output>
        </test-method> <!-- myTestMethod1 -->
        <test-method status="PASS" signature="afterMethod()[pri:0, instance:annotationTest@7006c658]" name="afterMethod" is-config="true" duration-ms="0" started-at="2016-06-11T17:42:27Z" finished-at="2016-06-11T17:42:27Z">
          <reporter-output>
          </reporter-output>
        </test-method> <!-- afterMethod -->
        <test-method status="PASS" signature="beforeMethod()[pri:0, instance:annotationTest@7006c658]" name="beforeMethod" is-config="true" duration-ms="1" started-at="2016-06-11T17:42:27Z" finished-at="2016-06-11T17:42:27Z">
          <reporter-output>
          </reporter-output>
        </test-method> <!-- beforeMethod -->
        <test-method status="PASS" signature="myTestMethod2()[pri:0, instance:annotationTest@7006c658]" name="myTestMethod2" duration-ms="0" started-at="2016-06-11T17:42:27Z" finished-at="2016-06-11T17:42:27Z">
          <reporter-output>
          </reporter-output>
        </test-method> <!-- myTestMethod2 -->
        <test-method status="PASS" signature="afterMethod()[pri:0, instance:annotationTest@7006c658]" name="afterMethod" is-config="true" duration-ms="1" started-at="2016-06-11T17:42:27Z" finished-at="2016-06-11T17:42:27Z">
          <reporter-output>
          </reporter-output>
        </test-method> <!-- afterMethod -->
        <test-method status="PASS" signature="afterClass()[pri:0, instance:annotationTest@7006c658]" name="afterClass" is-config="true" duration-ms="1" started-at="2016-06-11T17:42:27Z" finished-at="2016-06-11T17:42:27Z">
          <reporter-output>
          </reporter-output>
        </test-method> <!-- afterClass -->
        <test-method status="PASS" signature="afterTest()[pri:0, instance:annotationTest@7006c658]" name="afterTest" is-config="true" duration-ms="1" started-at="2016-06-11T17:42:27Z" finished-at="2016-06-11T17:42:27Z">
          <reporter-output>
          </reporter-output>
        </test-method> <!-- afterTest -->
      </class> <!-- annotationTest -->
    </test> <!-- Learning assertions -->
  </suite> <!-- My Sample Suite -->
</testng-results>
